<?xml version="1.0" encoding="UTF-8"?>
<!-- Generated by org.testng.reporters.JUnitXMLReporter -->
<testsuite ignored="3" hostname="techcircles-Mac-mini.local" failures="0" tests="1" name="Chrome" time="0.077" errors="0" timestamp="2023-02-23T19:43:54 EST">
  <testcase classname="package1Test.testing2Practice" name="test1" time="0.008"/>
  <testcase classname="package1Test.testing1Practice" name="test1" time="0.0">
    <ignored/>
  </testcase> <!-- test1 -->
  <testcase classname="package1Test.testing1Practice" name="test2" time="0.0">
    <ignored/>
  </testcase> <!-- test2 -->
  <testcase classname="package1Test.testing2Practice" name="test2" time="0.0">
    <ignored/>
  </testcase> <!-- test2 -->
</testsuite> <!-- Chrome -->
