<?xml version="1.0" encoding="UTF-8"?>
<!-- Generated by org.testng.reporters.JUnitXMLReporter -->
<testsuite ignored="0" hostname="techcircles-Mac-mini.local" failures="0" tests="5" name="Parallel Test" time="43.702" errors="0" timestamp="2023-02-23T20:01:29 EST">
  <testcase classname="package1Test.TestParallel" name="method1" time="41.489"/>
  <testcase classname="package1Test.TestParallel" name="method3" time="41.603"/>
  <testcase classname="package1Test.TestParallel" name="method4" time="41.603"/>
  <testcase classname="package1Test.TestParallel" name="method5" time="41.602"/>
  <testcase classname="package1Test.TestParallel" name="method2" time="43.605"/>
</testsuite> <!-- Parallel Test -->
