<?xml version="1.0" encoding="UTF-8"?>
<!-- Generated by org.testng.reporters.JUnitXMLReporter -->
<testsuite ignored="5" hostname="techcircles-Mac-mini.local" failures="1" tests="5" name="Tests coming from package1 Test" time="0.122" errors="0" timestamp="2023-02-23T19:44:49 EST">
  <testcase classname="package1Test.GroupTestExample" name="testPrintMessage" time="0.01"/>
  <testcase classname="package1Test.GroupTestExample" name="testPrintName" time="0.005">
    <failure type="java.lang.AssertionError">
      <![CDATA[java.lang.AssertionError: 
at package1Test.GroupTestExample.testPrintName(GroupTestExample.java:25)
at java.base/java.util.ArrayList.forEach(ArrayList.java:1511)
... Removed 30 stack frames]]>
    </failure>
  </testcase> <!-- testPrintName -->
  <testcase classname="package1Test.testing2Practice" name="test1" time="0.002"/>
  <testcase classname="package1Test.IgnoreTest" name="testPrint" time="0.001"/>
  <testcase classname="package1Test.IgnoreTest" name="testPrint2" time="0.004"/>
  <testcase classname="package1Test.GroupTestExample" name="testPrintAnything" time="0.0">
    <ignored/>
  </testcase> <!-- testPrintAnything -->
  <testcase classname="package1Test.testing1Practice" name="test1" time="0.0">
    <ignored/>
  </testcase> <!-- test1 -->
  <testcase classname="package1Test.GroupTestExample" name="testPrintAge" time="0.0">
    <ignored/>
  </testcase> <!-- testPrintAge -->
  <testcase classname="package1Test.testing1Practice" name="test2" time="0.0">
    <ignored/>
  </testcase> <!-- test2 -->
  <testcase classname="package1Test.testing2Practice" name="test2" time="0.0">
    <ignored/>
  </testcase> <!-- test2 -->
</testsuite> <!-- Tests coming from package1 Test -->
