<?xml version="1.0" encoding="UTF-8"?>
<testng-results ignored="0" total="1" passed="1" failed="0" skipped="0">
  <reporter-output>
  </reporter-output>
  <suite started-at="2023-03-07T19:53:49 EST" name="Default suite" finished-at="2023-03-07T19:55:05 EST" duration-ms="75967">
    <groups>
    </groups>
    <test started-at="2023-03-07T19:53:49 EST" name="Default test" finished-at="2023-03-07T19:55:05 EST" duration-ms="75967">
      <class name="testCases.LoginTestCases">
        <test-method is-config="true" signature="beforeTest()[pri:0, instance:testCases.LoginTestCases@31368b99]" started-at="2023-03-07T19:53:49 EST" name="beforeTest" finished-at="2023-03-07T19:54:42 EST" duration-ms="53115" status="PASS">
          <reporter-output>
          </reporter-output>
        </test-method> <!-- beforeTest -->
        <test-method signature="testAdminSystemUserSearch()[pri:0, instance:testCases.LoginTestCases@31368b99]" started-at="2023-03-07T19:54:42 EST" name="testAdminSystemUserSearch" finished-at="2023-03-07T19:55:05 EST" duration-ms="22720" status="PASS">
          <reporter-output>
          </reporter-output>
        </test-method> <!-- testAdminSystemUserSearch -->
      </class> <!-- testCases.LoginTestCases -->
    </test> <!-- Default test -->
  </suite> <!-- Default suite -->
</testng-results>
